Case #1: 15 25
Case #2: 0 0
Case #3: 81 567
Case #4: 181 244
Case #5: 0 0
Case #6: 500 500
Case #7: 100 900
Case #8: 98 167
Case #9: 45 170
Case #10: 94 396
Case #11: 114 206
Case #12: 131 345
Case #13: 238 563
Case #14: 147 548
Case #15: 131 454
Case #16: 118 423
Case #17: 224 473
Case #18: 86 231
Case #19: 236 389
Case #20: 161 328
Case #21: 58 241
Case #22: 189 416
Case #23: 120 427
Case #24: 157 343
Case #25: 128 448
Case #26: 79 157
Case #27: 176 473
Case #28: 157 343
Case #29: 192 500
Case #30: 146 304
Case #31: 168 458
Case #32: 147 345
Case #33: 163 362
Case #34: 205 465
Case #35: 129 333
Case #36: 97 300
Case #37: 120 341
Case #38: 229 398
Case #39: 192 371
Case #40: 124 414
Case #41: 138 353
Case #42: 106 277
Case #43: 183 319
Case #44: 96 376
Case #45: 200 505
Case #46: 213 458
Case #47: 55 168
Case #48: 192 515
Case #49: 116 223
Case #50: 117 360
Case #51: 105 358
Case #52: 89 335
Case #53: 141 475
Case #54: 157 448
Case #55: 128 269
Case #56: 178 481
Case #57: 128 349
Case #58: 138 436
Case #59: 172 566
Case #60: 131 306
Case #61: 95 270
Case #62: 147 329
Case #63: 180 487
Case #64: 118 494
Case #65: 120 314
Case #66: 133 353
Case #67: 177 355
Case #68: 117 369
Case #69: 136 353
Case #70: 100 289
Case #71: 172 261
Case #72: 199 328
Case #73: 262 520
Case #74: 229 355
Case #75: 211 442
Case #76: 102 257
Case #77: 147 549
Case #78: 162 528
Case #79: 132 415
Case #80: 69 321
Case #81: 118 367
Case #82: 143 242
Case #83: 187 473
Case #84: 211 495
Case #85: 173 357
Case #86: 111 269
Case #87: 111 297
Case #88: 145 369
Case #89: 123 246
Case #90: 131 373
Case #91: 189 414
Case #92: 193 439
Case #93: 138 352
Case #94: 176 424
Case #95: 222 359
Case #96: 118 437
Case #97: 166 523
Case #98: 186 457
Case #99: 164 419
Case #100: 125 323
